[debug] [2023-06-24T14:52:23.533Z] ----------------------------------------------------------------------
[debug] [2023-06-24T14:52:23.544Z] Command:       /usr/local/bin/node /usr/local/bin/firebase init
[debug] [2023-06-24T14:52:23.545Z] CLI Version:   12.4.0
[debug] [2023-06-24T14:52:23.545Z] Platform:      linux
[debug] [2023-06-24T14:52:23.546Z] Node Version:  v20.3.1
[debug] [2023-06-24T14:52:23.546Z] Time:          Sat Jun 24 2023 10:52:23 GMT-0400 (Eastern Daylight Time)
[debug] [2023-06-24T14:52:23.546Z] ----------------------------------------------------------------------
[debug] 
[debug] [2023-06-24T14:52:23.577Z] > command requires scopes: ["email","openid","https://www.googleapis.com/auth/cloudplatformprojects.readonly","https://www.googleapis.com/auth/firebase","https://www.googleapis.com/auth/cloud-platform"]
[debug] [2023-06-24T14:52:23.578Z] > authorizing via signed-in user (aarushkulkarni26@gmail.com)
[info] 
     ######## #### ########  ######## ########     ###     ######  ########
     ##        ##  ##     ## ##       ##     ##  ##   ##  ##       ##
     ######    ##  ########  ######   ########  #########  ######  ######
     ##        ##  ##    ##  ##       ##     ## ##     ##       ## ##
     ##       #### ##     ## ######## ########  ##     ##  ######  ########

You're about to initialize a Firebase project in this directory:

  /mnt/c/Users/aarus/Aarush docs/react coding/serenepathways

Before we get started, keep in mind:

  * You are currently outside your home directory

